  [1m[36m (3.3ms)[0m  [1mCREATE TABLE "schema_migrations" ("version" varchar(255) NOT NULL) [0m
  [1m[35m (12.9ms)[0m  select sqlite_version(*)
  [1m[36m (2.6ms)[0m  [1mCREATE UNIQUE INDEX "unique_schema_migrations" ON "schema_migrations" ("version")[0m
  [1m[35mActiveRecord::SchemaMigration Load (0.2ms)[0m  SELECT "schema_migrations".* FROM "schema_migrations"
  [1m[36mActiveRecord::SchemaMigration Load (0.1ms)[0m  [1mSELECT "schema_migrations".* FROM "schema_migrations"[0m
  [1m[36m (54.0ms)[0m  [1mCREATE TABLE "schema_migrations" ("version" character varying(255) NOT NULL) [0m
  [1m[35m (16.4ms)[0m  CREATE UNIQUE INDEX  "unique_schema_migrations" ON "schema_migrations"  ("version")
  [1m[36mActiveRecord::SchemaMigration Load (0.6ms)[0m  [1mSELECT "schema_migrations".* FROM "schema_migrations"[0m


Started GET "/" for 127.0.0.1 at 2014-07-28 10:40:09 -0500
Processing by Rails::WelcomeController#index as HTML
  Rendered /Users/namoricoe/.rvm/gems/ruby-2.1.2@lcrm_wasted_hours/gems/railties-4.1.4/lib/rails/templates/rails/welcome/index.html.erb (2.7ms)
Completed 200 OK in 119ms (Views: 71.9ms | ActiveRecord: 0.0ms)


Started GET "/" for 127.0.0.1 at 2014-07-28 10:40:09 -0500
Processing by Rails::WelcomeController#index as HTML
  Rendered /Users/namoricoe/.rvm/gems/ruby-2.1.2@lcrm_wasted_hours/gems/railties-4.1.4/lib/rails/templates/rails/welcome/index.html.erb (0.1ms)
Completed 200 OK in 2ms (Views: 1.5ms | ActiveRecord: 0.0ms)
  [1m[36mActiveRecord::SchemaMigration Load (0.7ms)[0m  [1mSELECT "schema_migrations".* FROM "schema_migrations"[0m
  [1m[36m (31.6ms)[0m  [1mCREATE DATABASE "lcrm_wasted_hours_development" ENCODING = 'unicode'[0m
PG::DuplicateDatabase: ERROR:  database "lcrm_wasted_hours_development" already exists
: CREATE DATABASE "lcrm_wasted_hours_development" ENCODING = 'unicode'
  [1m[35mActiveRecord::SchemaMigration Load (0.7ms)[0m  SELECT "schema_migrations".* FROM "schema_migrations"


Started GET "/" for 127.0.0.1 at 2014-07-28 13:36:06 -0500
Processing by WastedHoursController#index as HTML
  Rendered wasted_hours/index.html.erb within layouts/application (2.1ms)
Completed 200 OK in 9993ms (Views: 9935.3ms | ActiveRecord: 0.0ms)


Started GET "/" for 127.0.0.1 at 2014-07-28 13:36:24 -0500
Processing by WastedHoursController#index as HTML
  Rendered wasted_hours/index.html.erb within layouts/application (0.1ms)
Completed 200 OK in 7ms (Views: 6.2ms | ActiveRecord: 0.0ms)


Started GET "/assets/wasted_hours.js?body=1" for 127.0.0.1 at 2014-07-28 13:36:25 -0500


Started GET "/assets/wasted_hours.css?body=1" for 127.0.0.1 at 2014-07-28 13:36:25 -0500


Started GET "/assets/application.css?body=1" for 127.0.0.1 at 2014-07-28 13:36:25 -0500


Started GET "/assets/jquery.js?body=1" for 127.0.0.1 at 2014-07-28 13:36:25 -0500


Started GET "/assets/jquery_ujs.js?body=1" for 127.0.0.1 at 2014-07-28 13:36:25 -0500


Started GET "/assets/application.js?body=1" for 127.0.0.1 at 2014-07-28 13:36:25 -0500


Started GET "/assets/turbolinks.js?body=1" for 127.0.0.1 at 2014-07-28 13:36:25 -0500
